<?xml version="1.0" encoding="UTF-8"?>
<!-- Generated by org.testng.reporters.JUnitReportReporter -->
<testsuite hostname="JAMOCHA30" failures="0" tests="2" name="test.Login" time="7.387" errors="0" timestamp="2023-11-16T14:39:31 IST" skipped="0">
  <testcase classname="test.Login" name="login" time="3.357"/>
  <system-out/>
  <testcase classname="test.Login" name="login" time="4.030"/>
  <system-out/>
</testsuite> <!-- test.Login -->
