<?xml version="1.0" encoding="UTF-8"?>
<!-- Generated by org.testng.reporters.JUnitReportReporter -->
<testsuite hostname="JAMOCHA30" failures="0" tests="1" name="test.EnableDiasbleChkInCud" time="31.373" errors="0" timestamp="2023-11-08T17:38:31 IST" skipped="0">
  <testcase classname="test.EnableDiasbleChkInCud" name="enableDiasbleChkInCud" time="31.373"/>
  <system-out/>
</testsuite> <!-- test.EnableDiasbleChkInCud -->
