<?xml version="1.0" encoding="UTF-8"?>
<!-- Generated by org.testng.reporters.JUnitReportReporter -->
<testsuite hostname="JAMOCHA30" failures="0" tests="1" name="test.EnableDiasbleChkInCud" time="13.153" errors="0" timestamp="2023-11-07T14:12:47 IST" skipped="0">
  <testcase classname="test.EnableDiasbleChkInCud" name="enableDiasbleChkInCud" time="13.153"/>
  <system-out/>
</testsuite> <!-- test.EnableDiasbleChkInCud -->
